<?xml version="1.0" encoding="UTF-8"?>
<!-- Generated by org.testng.reporters.JUnitXMLReporter -->
<testsuite ignored="0" hostname="VAIO" failures="0" tests="4" name="Test" time="0.244" errors="0" timestamp="2019-03-28T00:47:29 IST">
  <testcase classname="qaclickacademy.SeleniumTest" name="Browserautomation" time="0.057"/>
  <testcase classname="qaclickacademy.SeleniumTest" name="ElementsUI" time="0.0"/>
  <testcase classname="qaclickacademy.AppiumTest" name="IOSApps" time="0.002"/>
  <testcase classname="qaclickacademy.AppiumTest" name="NativeAppandriod" time="0.001"/>
</testsuite> <!-- Test -->
