<?xml version="1.0" encoding="UTF-8"?>
<testng-results ignored="0" total="4" passed="4" failed="0" skipped="0">
  <reporter-output>
  </reporter-output>
  <suite started-at="2019-03-28T00:47:29 IST" name="Suite" finished-at="2019-03-28T00:47:29 IST" duration-ms="244">
    <groups>
    </groups>
    <test started-at="2019-03-28T00:47:29 IST" name="Test" finished-at="2019-03-28T00:47:29 IST" duration-ms="244">
      <class name="qaclickacademy.AppiumTest">
        <test-method signature="IOSApps()[pri:0, instance:qaclickacademy.AppiumTest@226a82c4]" started-at="2019-03-28T00:47:29 IST" name="IOSApps" finished-at="2019-03-28T00:47:29 IST" duration-ms="2" status="PASS">
          <reporter-output>
          </reporter-output>
        </test-method> <!-- IOSApps -->
        <test-method signature="NativeAppandriod()[pri:0, instance:qaclickacademy.AppiumTest@226a82c4]" started-at="2019-03-28T00:47:29 IST" name="NativeAppandriod" finished-at="2019-03-28T00:47:29 IST" duration-ms="1" status="PASS">
          <reporter-output>
          </reporter-output>
        </test-method> <!-- NativeAppandriod -->
      </class> <!-- qaclickacademy.AppiumTest -->
      <class name="qaclickacademy.SeleniumTest">
        <test-method signature="Browserautomation()[pri:0, instance:qaclickacademy.SeleniumTest@7fe8ea47]" started-at="2019-03-28T00:47:29 IST" name="Browserautomation" finished-at="2019-03-28T00:47:29 IST" duration-ms="57" status="PASS">
          <reporter-output>
          </reporter-output>
        </test-method> <!-- Browserautomation -->
        <test-method signature="ElementsUI()[pri:0, instance:qaclickacademy.SeleniumTest@7fe8ea47]" started-at="2019-03-28T00:47:29 IST" name="ElementsUI" finished-at="2019-03-28T00:47:29 IST" duration-ms="0" status="PASS">
          <reporter-output>
          </reporter-output>
        </test-method> <!-- ElementsUI -->
      </class> <!-- qaclickacademy.SeleniumTest -->
    </test> <!-- Test -->
  </suite> <!-- Suite -->
</testng-results>
